<?xml version="1.0" encoding="UTF-8"?>
<testsuite name="testcase.PaymentTest" tests="3" skipped="0" failures="1" errors="0" timestamp="2018-04-02T09:36:02" hostname="VPC005" time="16.328">
  <properties/>
  <testcase name="Payment screen: next button when choose card" classname="testcase.PaymentTest" time="5.589">
    <failure message="java.lang.IllegalArgumentException: Couldn't select option with text or value: -3, available texts: [--, 1, 2, 3, 4, 5, 6, 7, 8, 9, 10, 11, 12, 13, 14, 15, 16, 17, 18, 19, 20, 21, 22, 23, 24, 25, 26, 27, 28, 29, 30, 31], available values: [, 1, 2, 3, 4, 5, 6, 7, 8, 9, 10, 11, 12, 13, 14, 15, 16, 17, 18, 19, 20, 21, 22, 23, 24, 25, 26, 27, 28, 29, 30, 31]" type="java.lang.IllegalArgumentException">java.lang.IllegalArgumentException: Couldn't select option with text or value: -3, available texts: [--, 1, 2, 3, 4, 5, 6, 7, 8, 9, 10, 11, 12, 13, 14, 15, 16, 17, 18, 19, 20, 21, 22, 23, 24, 25, 26, 27, 28, 29, 30, 31], available values: [, 1, 2, 3, 4, 5, 6, 7, 8, 9, 10, 11, 12, 13, 14, 15, 16, 17, 18, 19, 20, 21, 22, 23, 24, 25, 26, 27, 28, 29, 30, 31]
	at geb.navigator.NonEmptyNavigator.nonexistentSelectOptionSelected(NonEmptyNavigator.groovy:763)
	at geb.navigator.NonEmptyNavigator.setSelectValue(NonEmptyNavigator.groovy:744)
	at geb.navigator.NonEmptyNavigator.setInputValue(NonEmptyNavigator.groovy:685)
	at geb.navigator.NonEmptyNavigator.setInputValues_closure40(NonEmptyNavigator.groovy:676)
	at groovy.lang.Closure.call(Closure.java:414)
	at geb.navigator.NonEmptyNavigator.setInputValues(NonEmptyNavigator.groovy:675)
	at geb.navigator.NonEmptyNavigator.value(NonEmptyNavigator.groovy:417)
	at geb.module.Select.setSelected(Select.groovy:48)
	at geb.content.TemplateDerivedPageContent.propertyMissing(TemplateDerivedPageContent.groovy:103)
	at testcase.PaymentTest.Payment screen: next button when choose card(PaymentTest.groovy:43)
</failure>
  </testcase>
  <testcase name="Payment screen: next button when choose add new card" classname="testcase.PaymentTest" time="5.72"/>
  <testcase name="Payment screen: back button comeback delivery screen" classname="testcase.PaymentTest" time="5.019"/>
  <system-out><![CDATA[]]></system-out>
  <system-err><![CDATA[]]></system-err>
</testsuite>
